<?xml version="1.0" encoding="UTF-8"?>
<testsuite xmlns:xsi="http://www.w3.org/2001/XMLSchema-instance" xsi:noNamespaceSchemaLocation="https://maven.apache.org/surefire/maven-surefire-plugin/xsd/surefire-test-report-3.0.xsd" version="3.0" name="com.marketplace.vintage.order.OrderFactoryTest" time="0.067" tests="2" errors="0" skipped="0" failures="0">
  <properties>
    <property name="java.specification.version" value="22"/>
    <property name="sun.jnu.encoding" value="UTF-8"/>
    <property name="java.class.path" value="/home/samba/Code/Uni/3ano/2sem/ats_tp/trabalhos_POO/TP3/target/test-classes:/home/samba/Code/Uni/3ano/2sem/ats_tp/trabalhos_POO/TP3/target/classes:/home/samba/.m2/repository/org/jetbrains/annotations/24.0.1/annotations-24.0.1.jar:/home/samba/.m2/repository/net/objecthunter/exp4j/0.4.8/exp4j-0.4.8.jar:/home/samba/.m2/repository/org/junit/jupiter/junit-jupiter/5.8.1/junit-jupiter-5.8.1.jar:/home/samba/.m2/repository/org/junit/jupiter/junit-jupiter-api/5.8.1/junit-jupiter-api-5.8.1.jar:/home/samba/.m2/repository/org/opentest4j/opentest4j/1.2.0/opentest4j-1.2.0.jar:/home/samba/.m2/repository/org/junit/platform/junit-platform-commons/1.8.1/junit-platform-commons-1.8.1.jar:/home/samba/.m2/repository/org/apiguardian/apiguardian-api/1.1.2/apiguardian-api-1.1.2.jar:/home/samba/.m2/repository/org/junit/jupiter/junit-jupiter-params/5.8.1/junit-jupiter-params-5.8.1.jar:/home/samba/.m2/repository/org/junit/jupiter/junit-jupiter-engine/5.8.1/junit-jupiter-engine-5.8.1.jar:/home/samba/.m2/repository/org/junit/platform/junit-platform-engine/1.8.1/junit-platform-engine-1.8.1.jar:/home/samba/.m2/repository/org/mockito/mockito-core/4.2.0/mockito-core-4.2.0.jar:/home/samba/.m2/repository/net/bytebuddy/byte-buddy/1.12.4/byte-buddy-1.12.4.jar:/home/samba/.m2/repository/net/bytebuddy/byte-buddy-agent/1.12.4/byte-buddy-agent-1.12.4.jar:/home/samba/.m2/repository/org/objenesis/objenesis/3.2/objenesis-3.2.jar:/home/samba/.m2/repository/org/mockito/mockito-junit-jupiter/4.2.0/mockito-junit-jupiter-4.2.0.jar:"/>
    <property name="java.vm.vendor" value="Oracle Corporation"/>
    <property name="sun.arch.data.model" value="64"/>
    <property name="java.vendor.url" value="https://openjdk.org/"/>
    <property name="os.name" value="Linux"/>
    <property name="java.vm.specification.version" value="22"/>
    <property name="sun.java.launcher" value="SUN_STANDARD"/>
    <property name="user.country" value="US"/>
    <property name="sun.boot.library.path" value="/usr/lib/jvm/java-22-openjdk/lib"/>
    <property name="sun.java.command" value="/home/samba/Code/Uni/3ano/2sem/ats_tp/trabalhos_POO/TP3/target/surefire/surefirebooter-20240526122647193_3.jar /home/samba/Code/Uni/3ano/2sem/ats_tp/trabalhos_POO/TP3/target/surefire 2024-05-26T12-26-47_150-jvmRun1 surefire-20240526122647193_1tmp surefire_0-20240526122647193_2tmp"/>
    <property name="jdk.debug" value="release"/>
    <property name="surefire.test.class.path" value="/home/samba/Code/Uni/3ano/2sem/ats_tp/trabalhos_POO/TP3/target/test-classes:/home/samba/Code/Uni/3ano/2sem/ats_tp/trabalhos_POO/TP3/target/classes:/home/samba/.m2/repository/org/jetbrains/annotations/24.0.1/annotations-24.0.1.jar:/home/samba/.m2/repository/net/objecthunter/exp4j/0.4.8/exp4j-0.4.8.jar:/home/samba/.m2/repository/org/junit/jupiter/junit-jupiter/5.8.1/junit-jupiter-5.8.1.jar:/home/samba/.m2/repository/org/junit/jupiter/junit-jupiter-api/5.8.1/junit-jupiter-api-5.8.1.jar:/home/samba/.m2/repository/org/opentest4j/opentest4j/1.2.0/opentest4j-1.2.0.jar:/home/samba/.m2/repository/org/junit/platform/junit-platform-commons/1.8.1/junit-platform-commons-1.8.1.jar:/home/samba/.m2/repository/org/apiguardian/apiguardian-api/1.1.2/apiguardian-api-1.1.2.jar:/home/samba/.m2/repository/org/junit/jupiter/junit-jupiter-params/5.8.1/junit-jupiter-params-5.8.1.jar:/home/samba/.m2/repository/org/junit/jupiter/junit-jupiter-engine/5.8.1/junit-jupiter-engine-5.8.1.jar:/home/samba/.m2/repository/org/junit/platform/junit-platform-engine/1.8.1/junit-platform-engine-1.8.1.jar:/home/samba/.m2/repository/org/mockito/mockito-core/4.2.0/mockito-core-4.2.0.jar:/home/samba/.m2/repository/net/bytebuddy/byte-buddy/1.12.4/byte-buddy-1.12.4.jar:/home/samba/.m2/repository/net/bytebuddy/byte-buddy-agent/1.12.4/byte-buddy-agent-1.12.4.jar:/home/samba/.m2/repository/org/objenesis/objenesis/3.2/objenesis-3.2.jar:/home/samba/.m2/repository/org/mockito/mockito-junit-jupiter/4.2.0/mockito-junit-jupiter-4.2.0.jar:"/>
    <property name="sun.cpu.endian" value="little"/>
    <property name="user.home" value="/home/samba"/>
    <property name="user.language" value="en"/>
    <property name="java.specification.vendor" value="Oracle Corporation"/>
    <property name="java.version.date" value="2024-03-19"/>
    <property name="java.home" value="/usr/lib/jvm/java-22-openjdk"/>
    <property name="file.separator" value="/"/>
    <property name="basedir" value="/home/samba/Code/Uni/3ano/2sem/ats_tp/trabalhos_POO/TP3"/>
    <property name="java.vm.compressedOopsMode" value="Zero based"/>
    <property name="line.separator" value="&#10;"/>
    <property name="java.specification.name" value="Java Platform API Specification"/>
    <property name="java.vm.specification.vendor" value="Oracle Corporation"/>
    <property name="surefire.real.class.path" value="/home/samba/Code/Uni/3ano/2sem/ats_tp/trabalhos_POO/TP3/target/surefire/surefirebooter-20240526122647193_3.jar"/>
    <property name="sun.management.compiler" value="HotSpot 64-Bit Tiered Compilers"/>
    <property name="java.runtime.version" value="22"/>
    <property name="user.name" value="samba"/>
    <property name="stdout.encoding" value="UTF-8"/>
    <property name="path.separator" value=":"/>
    <property name="os.version" value="6.9.1-arch1-1"/>
    <property name="java.runtime.name" value="OpenJDK Runtime Environment"/>
    <property name="file.encoding" value="UTF-8"/>
    <property name="java.vm.name" value="OpenJDK 64-Bit Server VM"/>
    <property name="localRepository" value="/home/samba/.m2/repository"/>
    <property name="java.vendor.url.bug" value="https://bugreport.java.com/bugreport/"/>
    <property name="java.io.tmpdir" value="/tmp"/>
    <property name="java.version" value="22"/>
    <property name="user.dir" value="/home/samba/Code/Uni/3ano/2sem/ats_tp/trabalhos_POO/TP3"/>
    <property name="os.arch" value="amd64"/>
    <property name="java.vm.specification.name" value="Java Virtual Machine Specification"/>
    <property name="native.encoding" value="UTF-8"/>
    <property name="java.library.path" value="/usr/java/packages/lib:/usr/lib64:/lib64:/lib:/usr/lib"/>
    <property name="java.vm.info" value="mixed mode, sharing"/>
    <property name="stderr.encoding" value="UTF-8"/>
    <property name="java.vendor" value="N/A"/>
    <property name="java.vm.version" value="22"/>
    <property name="sun.io.unicode.encoding" value="UnicodeLittle"/>
    <property name="java.class.version" value="66.0"/>
  </properties>
  <testcase name="buildOrder" classname="com.marketplace.vintage.order.OrderFactoryTest" time="0.064"/>
  <testcase name="separateItemsByParcelCarrier" classname="com.marketplace.vintage.order.OrderFactoryTest" time="0.001"/>
</testsuite>